00:00:00.184 VirtualBox 3.2.6 r63112 linux.x86 (Jun 25 2010 16:50:04) release log
00:00:00.184 Log opened 2010-08-01T15:03:54.270851000Z
00:00:00.184 OS Product: Linux
00:00:00.184 OS Release: 2.6.18-164.el5
00:00:00.184 OS Version: #1 SMP Thu Sep 3 03:33:56 EDT 2009
00:00:00.184 Host RAM: 2023MB RAM, available: 1709MB
00:00:00.184 Executable: /usr/lib/virtualbox/VirtualBox
00:00:00.184 Process ID: 16635
00:00:00.184 Package type: LINUX_32BITS_RHEL_5
00:00:00.905 SUP: Loaded VMMR0.r0 (/usr/lib/virtualbox/VMMR0.r0) at 0xf8c48020 - ModuleInit at 00000000f8c5cd30 and ModuleTerm at 00000000f8c5cd10
00:00:00.905 SUP: VMMR0EntryEx located at 00000000f8c5cbd0, VMMR0EntryFast at 00000000f8c5cda0 and VMMR0EntryInt at 00000000f8c5bdc0
00:00:00.914 File system of '/root/.VirtualBox/HardDisks/Windows2003.vdi' is ext3
00:00:00.943 VBoxSharedClipboard mode: Bidirectional
00:00:00.979 ************************* CFGM dump *************************
00:00:00.979 [/] (level 0)
00:00:00.979   CSAMEnabled     <integer> = 0x0000000000000001 (1)
00:00:00.979   EnablePAE       <integer> = 0x0000000000000000 (0)
00:00:00.979   HwVirtExtForced <integer> = 0x0000000000000000 (0)
00:00:00.979   MemBalloonSize  <integer> = 0x0000000000000000 (0)
00:00:00.979   Name            <string>  = "Windows2003" (cb=12)
00:00:00.979   NumCPUs         <integer> = 0x0000000000000001 (1)
00:00:00.979   PATMEnabled     <integer> = 0x0000000000000001 (1)
00:00:00.979   PageFusion      <integer> = 0x0000000000000000 (0)
00:00:00.979   RamHoleSize     <integer> = 0x0000000020000000 (536870912)
00:00:00.979   RamSize         <integer> = 0x0000000020000000 (536870912)
00:00:00.979   RawR0Enabled    <integer> = 0x0000000000000001 (1)
00:00:00.979   RawR3Enabled    <integer> = 0x0000000000000001 (1)
00:00:00.979   SyntheticCpu    <integer> = 0x0000000000000000 (0)
00:00:00.979   TimerMillies    <integer> = 0x000000000000000a (10)
00:00:00.979   UUID            <bytes>   = "19 c6 b7 c9 5d a8 e7 40 88 72 c2 32 89 27 85 2c" (cb=16)
00:00:00.979 
00:00:00.979 [/Devices/] (level 1)
00:00:00.979 
00:00:00.979 [/Devices/8237A/] (level 2)
00:00:00.979 
00:00:00.979 [/Devices/8237A/0/] (level 3)
00:00:00.979   Trusted <integer> = 0x0000000000000001 (1)
00:00:00.979 
00:00:00.979 [/Devices/AudioSniffer/] (level 2)
00:00:00.979 
00:00:00.979 [/Devices/AudioSniffer/0/] (level 3)
00:00:00.979 
00:00:00.979 [/Devices/AudioSniffer/0/Config/] (level 4)
00:00:00.979 
00:00:00.979 [/Devices/AudioSniffer/0/LUN#0/] (level 4)
00:00:00.979   Driver <string>  = "MainAudioSniffer" (cb=17)
00:00:00.979 
00:00:00.979 [/Devices/AudioSniffer/0/LUN#0/Config/] (level 5)
00:00:00.979   Object <integer> = 0x00000000088d9848 (143497288)
00:00:00.979 
00:00:00.979 [/Devices/VMMDev/] (level 2)
00:00:00.979 
00:00:00.979 [/Devices/VMMDev/0/] (level 3)
00:00:00.979   PCIDeviceNo   <integer> = 0x0000000000000004 (4)
00:00:00.979   PCIFunctionNo <integer> = 0x0000000000000000 (0)
00:00:00.979   Trusted       <integer> = 0x0000000000000001 (1)
00:00:00.979 
00:00:00.979 [/Devices/VMMDev/0/Config/] (level 4)
00:00:00.979 
00:00:00.979 [/Devices/VMMDev/0/LUN#0/] (level 4)
00:00:00.979   Driver <string>  = "HGCM" (cb=5)
00:00:00.979 
00:00:00.979 [/Devices/VMMDev/0/LUN#0/Config/] (level 5)
00:00:00.979   Object <integer> = 0x00000000088d7840 (143489088)
00:00:00.979 
00:00:00.979 [/Devices/VMMDev/0/LUN#999/] (level 4)
00:00:00.979   Driver <string>  = "MainStatus" (cb=11)
00:00:00.979 
00:00:00.979 [/Devices/VMMDev/0/LUN#999/Config/] (level 5)
00:00:00.979   First   <integer> = 0x0000000000000000 (0)
00:00:00.979   Last    <integer> = 0x0000000000000000 (0)
00:00:00.979   papLeds <integer> = 0x00000000088de1ec (143516140)
00:00:00.979 
00:00:00.979 [/Devices/acpi/] (level 2)
00:00:00.979 
00:00:00.979 [/Devices/acpi/0/] (level 3)
00:00:00.979   PCIDeviceNo   <integer> = 0x0000000000000007 (7)
00:00:00.979   PCIFunctionNo <integer> = 0x0000000000000000 (0)
00:00:00.979   Trusted       <integer> = 0x0000000000000001 (1)
00:00:00.979 
00:00:00.979 [/Devices/acpi/0/Config/] (level 4)
00:00:00.979   CpuHotPlug  <integer> = 0x0000000000000000 (0)
00:00:00.979   FdcEnabled  <integer> = 0x0000000000000000 (0)
00:00:00.979   HpetEnabled <integer> = 0x0000000000000000 (0)
00:00:00.979   IOAPIC      <integer> = 0x0000000000000000 (0)
00:00:00.979   NumCPUs     <integer> = 0x0000000000000001 (1)
00:00:00.979   RamHoleSize <integer> = 0x0000000020000000 (536870912)
00:00:00.979   RamSize     <integer> = 0x0000000020000000 (536870912)
00:00:00.979   ShowCpu     <integer> = 0x0000000000000000 (0)
00:00:00.979   ShowRtc     <integer> = 0x0000000000000000 (0)
00:00:00.979   SmcEnabled  <integer> = 0x0000000000000000 (0)
00:00:00.979 
00:00:00.979 [/Devices/acpi/0/LUN#0/] (level 4)
00:00:00.979   Driver <string>  = "ACPIHost" (cb=9)
00:00:00.979 
00:00:00.979 [/Devices/acpi/0/LUN#0/Config/] (level 5)
00:00:00.979 
00:00:00.979 [/Devices/apic/] (level 2)
00:00:00.979 
00:00:00.979 [/Devices/apic/0/] (level 3)
00:00:00.979   Trusted <integer> = 0x0000000000000001 (1)
00:00:00.979 
00:00:00.979 [/Devices/apic/0/Config/] (level 4)
00:00:00.979   IOAPIC  <integer> = 0x0000000000000000 (0)
00:00:00.979   NumCPUs <integer> = 0x0000000000000001 (1)
00:00:00.979 
00:00:00.979 [/Devices/e1000/] (level 2)
00:00:00.980 
00:00:00.980 [/Devices/i8254/] (level 2)
00:00:00.980 
00:00:00.980 [/Devices/i8254/0/] (level 3)
00:00:00.980 
00:00:00.980 [/Devices/i8254/0/Config/] (level 4)
00:00:00.980 
00:00:00.980 [/Devices/i8259/] (level 2)
00:00:00.980 
00:00:00.980 [/Devices/i8259/0/] (level 3)
00:00:00.980   Trusted <integer> = 0x0000000000000001 (1)
00:00:00.980 
00:00:00.980 [/Devices/i8259/0/Config/] (level 4)
00:00:00.980 
00:00:00.980 [/Devices/ichac97/] (level 2)
00:00:00.980 
00:00:00.980 [/Devices/ichac97/0/] (level 3)
00:00:00.981   PCIDeviceNo   <integer> = 0x0000000000000005 (5)
00:00:00.981   PCIFunctionNo <integer> = 0x0000000000000000 (0)
00:00:00.981   Trusted       <integer> = 0x0000000000000001 (1)
00:00:00.981 
00:00:00.981 [/Devices/ichac97/0/Config/] (level 4)
00:00:00.981 
00:00:00.981 [/Devices/ichac97/0/LUN#0/] (level 4)
00:00:00.981   Driver <string>  = "AUDIO" (cb=6)
00:00:00.981 
00:00:00.981 [/Devices/ichac97/0/LUN#0/Config/] (level 5)
00:00:00.981   AudioDriver <string>  = "alsa" (cb=5)
00:00:00.981   StreamName  <string>  = "Windows2003" (cb=12)
00:00:00.981 
00:00:00.981 [/Devices/mc146818/] (level 2)
00:00:00.981 
00:00:00.981 [/Devices/mc146818/0/] (level 3)
00:00:00.981 
00:00:00.981 [/Devices/mc146818/0/Config/] (level 4)
00:00:00.981   UseUTC <integer> = 0x0000000000000000 (0)
00:00:00.981 
00:00:00.981 [/Devices/parallel/] (level 2)
00:00:00.981 
00:00:00.981 [/Devices/pcarch/] (level 2)
00:00:00.981 
00:00:00.981 [/Devices/pcarch/0/] (level 3)
00:00:00.981   Trusted <integer> = 0x0000000000000001 (1)
00:00:00.981 
00:00:00.981 [/Devices/pcarch/0/Config/] (level 4)
00:00:00.981 
00:00:00.981 [/Devices/pcbios/] (level 2)
00:00:00.981 
00:00:00.981 [/Devices/pcbios/0/] (level 3)
00:00:00.981   Trusted <integer> = 0x0000000000000001 (1)
00:00:00.981 
00:00:00.981 [/Devices/pcbios/0/Config/] (level 4)
00:00:00.981   BootDevice0    <string>  = "FLOPPY" (cb=7)
00:00:00.981   BootDevice1    <string>  = "DVD" (cb=4)
00:00:00.981   BootDevice2    <string>  = "IDE" (cb=4)
00:00:00.981   BootDevice3    <string>  = "NONE" (cb=5)
00:00:00.981   FloppyDevice   <string>  = "i82078" (cb=7)
00:00:00.981   HardDiskDevice <string>  = "piix3ide" (cb=9)
00:00:00.981   IOAPIC         <integer> = 0x0000000000000000 (0)
00:00:00.981   NumCPUs        <integer> = 0x0000000000000001 (1)
00:00:00.981   PXEDebug       <integer> = 0x0000000000000000 (0)
00:00:00.981   RamHoleSize    <integer> = 0x0000000020000000 (536870912)
00:00:00.981   RamSize        <integer> = 0x0000000020000000 (536870912)
00:00:00.981   UUID           <bytes>   = "19 c6 b7 c9 5d a8 e7 40 88 72 c2 32 89 27 85 2c" (cb=16)
00:00:00.981 
00:00:00.981 [/Devices/pcbios/0/Config/NetBoot/] (level 5)
00:00:00.981 
00:00:00.981 [/Devices/pcbios/0/Config/NetBoot/0/] (level 6)
00:00:00.981   NIC           <integer> = 0x0000000000000000 (0)
00:00:00.981   PCIDeviceNo   <integer> = 0x0000000000000003 (3)
00:00:00.981   PCIFunctionNo <integer> = 0x0000000000000000 (0)
00:00:00.981 
00:00:00.981 [/Devices/pci/] (level 2)
00:00:00.981 
00:00:00.981 [/Devices/pci/0/] (level 3)
00:00:00.981   Trusted <integer> = 0x0000000000000001 (1)
00:00:00.981 
00:00:00.981 [/Devices/pci/0/Config/] (level 4)
00:00:00.981   IOAPIC <integer> = 0x0000000000000000 (0)
00:00:00.981 
00:00:00.981 [/Devices/pckbd/] (level 2)
00:00:00.981 
00:00:00.981 [/Devices/pckbd/0/] (level 3)
00:00:00.981   Trusted <integer> = 0x0000000000000001 (1)
00:00:00.981 
00:00:00.981 [/Devices/pckbd/0/Config/] (level 4)
00:00:00.981 
00:00:00.981 [/Devices/pckbd/0/LUN#0/] (level 4)
00:00:00.981   Driver <string>  = "KeyboardQueue" (cb=14)
00:00:00.981 
00:00:00.981 [/Devices/pckbd/0/LUN#0/AttachedDriver/] (level 5)
00:00:00.981   Driver <string>  = "MainKeyboard" (cb=13)
00:00:00.981 
00:00:00.981 [/Devices/pckbd/0/LUN#0/AttachedDriver/Config/] (level 6)
00:00:00.981   Object <integer> = 0x00000000088de2e8 (143516392)
00:00:00.981 
00:00:00.981 [/Devices/pckbd/0/LUN#0/Config/] (level 5)
00:00:00.981   QueueSize <integer> = 0x0000000000000040 (64)
00:00:00.981 
00:00:00.981 [/Devices/pckbd/0/LUN#1/] (level 4)
00:00:00.981   Driver <string>  = "MouseQueue" (cb=11)
00:00:00.981 
00:00:00.981 [/Devices/pckbd/0/LUN#1/AttachedDriver/] (level 5)
00:00:00.981   Driver <string>  = "MainMouse" (cb=10)
00:00:00.981 
00:00:00.981 [/Devices/pckbd/0/LUN#1/AttachedDriver/Config/] (level 6)
00:00:00.981   Object <integer> = 0x00000000088de3c0 (143516608)
00:00:00.981 
00:00:00.981 [/Devices/pckbd/0/LUN#1/Config/] (level 5)
00:00:00.981   QueueSize <integer> = 0x0000000000000080 (128)
00:00:00.981 
00:00:00.981 [/Devices/pcnet/] (level 2)
00:00:00.981 
00:00:00.981 [/Devices/pcnet/0/] (level 3)
00:00:00.981   PCIDeviceNo   <integer> = 0x0000000000000003 (3)
00:00:00.981   PCIFunctionNo <integer> = 0x0000000000000000 (0)
00:00:00.981   Trusted       <integer> = 0x0000000000000001 (1)
00:00:00.981 
00:00:00.981 [/Devices/pcnet/0/Config/] (level 4)
00:00:00.981   Am79C973       <integer> = 0x0000000000000001 (1)
00:00:00.981   CableConnected <integer> = 0x0000000000000001 (1)
00:00:00.981   LineSpeed      <integer> = 0x0000000000000000 (0)
00:00:00.981   MAC            <bytes>   = "08 00 27 b3 1b 2c" (cb=6)
00:00:00.981 
00:00:00.981 [/Devices/pcnet/0/LUN#0/] (level 4)
00:00:00.981   Driver <string>  = "IntNet" (cb=7)
00:00:00.981 
00:00:00.981 [/Devices/pcnet/0/LUN#0/Config/] (level 5)
00:00:00.981   Network   <string>  = "HostInterfaceNetworking-eth0" (cb=29)
00:00:00.981   Trunk     <string>  = "eth0" (cb=5)
00:00:00.981   TrunkType <integer> = 0x0000000000000003 (3)
00:00:00.981 
00:00:00.981 [/Devices/pcnet/0/LUN#999/] (level 4)
00:00:00.982   Driver <string>  = "MainStatus" (cb=11)
00:00:00.982 
00:00:00.982 [/Devices/pcnet/0/LUN#999/Config/] (level 5)
00:00:00.982   papLeds <integer> = 0x00000000088de1cc (143516108)
00:00:00.982 
00:00:00.982 [/Devices/piix3ide/] (level 2)
00:00:00.982 
00:00:00.982 [/Devices/piix3ide/0/] (level 3)
00:00:00.982   PCIDeviceNo   <integer> = 0x0000000000000001 (1)
00:00:00.982   PCIFunctionNo <integer> = 0x0000000000000001 (1)
00:00:00.982   Trusted       <integer> = 0x0000000000000001 (1)
00:00:00.982 
00:00:00.982 [/Devices/piix3ide/0/Config/] (level 4)
00:00:00.982   Type <string>  = "PIIX4" (cb=6)
00:00:00.982 
00:00:00.982 [/Devices/piix3ide/0/LUN#0/] (level 4)
00:00:00.982   Driver <string>  = "Block" (cb=6)
00:00:00.982 
00:00:00.982 [/Devices/piix3ide/0/LUN#0/AttachedDriver/] (level 5)
00:00:00.982   Driver <string>  = "VD" (cb=3)
00:00:00.982 
00:00:00.982 [/Devices/piix3ide/0/LUN#0/AttachedDriver/Config/] (level 6)
00:00:00.982   Format <string>  = "VDI" (cb=4)
00:00:00.982   Path   <string>  = "/root/.VirtualBox/HardDisks/Windows2003.vdi" (cb=44)
00:00:00.982 
00:00:00.982 [/Devices/piix3ide/0/LUN#0/Config/] (level 5)
00:00:00.982   Mountable <integer> = 0x0000000000000000 (0)
00:00:00.982   Type      <string>  = "HardDisk" (cb=9)
00:00:00.982 
00:00:00.982 [/Devices/piix3ide/0/LUN#999/] (level 4)
00:00:00.982   Driver <string>  = "MainStatus" (cb=11)
00:00:00.982 
00:00:00.982 [/Devices/piix3ide/0/LUN#999/Config/] (level 5)
00:00:00.982   First   <integer> = 0x0000000000000000 (0)
00:00:00.982   Last    <integer> = 0x0000000000000003 (3)
00:00:00.982   papLeds <integer> = 0x00000000088de0e4 (143515876)
00:00:00.982 
00:00:00.982 [/Devices/serial/] (level 2)
00:00:00.982 
00:00:00.982 [/Devices/usb-ehci/] (level 2)
00:00:00.982 
00:00:00.982 [/Devices/usb-ehci/0/] (level 3)
00:00:00.982   PCIDeviceNo   <integer> = 0x000000000000000b (11)
00:00:00.982   PCIFunctionNo <integer> = 0x0000000000000000 (0)
00:00:00.982   Trusted       <integer> = 0x0000000000000001 (1)
00:00:00.982 
00:00:00.982 [/Devices/usb-ehci/0/Config/] (level 4)
00:00:00.982 
00:00:00.982 [/Devices/usb-ehci/0/LUN#0/] (level 4)
00:00:00.982   Driver <string>  = "VUSBRootHub" (cb=12)
00:00:00.982 
00:00:00.982 [/Devices/usb-ehci/0/LUN#0/Config/] (level 5)
00:00:00.982 
00:00:00.982 [/Devices/usb-ehci/0/LUN#999/] (level 4)
00:00:00.982   Driver <string>  = "MainStatus" (cb=11)
00:00:00.982 
00:00:00.982 [/Devices/usb-ehci/0/LUN#999/Config/] (level 5)
00:00:00.982   First   <integer> = 0x0000000000000000 (0)
00:00:00.982   Last    <integer> = 0x0000000000000000 (0)
00:00:00.982   papLeds <integer> = 0x00000000088de1f4 (143516148)
00:00:00.982 
00:00:00.982 [/Devices/usb-ohci/] (level 2)
00:00:00.982 
00:00:00.982 [/Devices/usb-ohci/0/] (level 3)
00:00:00.982   PCIDeviceNo   <integer> = 0x0000000000000006 (6)
00:00:00.982   PCIFunctionNo <integer> = 0x0000000000000000 (0)
00:00:00.982   Trusted       <integer> = 0x0000000000000001 (1)
00:00:00.982 
00:00:00.982 [/Devices/usb-ohci/0/Config/] (level 4)
00:00:00.982 
00:00:00.982 [/Devices/usb-ohci/0/LUN#0/] (level 4)
00:00:00.982   Driver <string>  = "VUSBRootHub" (cb=12)
00:00:00.982 
00:00:00.982 [/Devices/usb-ohci/0/LUN#0/Config/] (level 5)
00:00:00.982 
00:00:00.982 [/Devices/usb-ohci/0/LUN#999/] (level 4)
00:00:00.982   Driver <string>  = "MainStatus" (cb=11)
00:00:00.982 
00:00:00.982 [/Devices/usb-ohci/0/LUN#999/Config/] (level 5)
00:00:00.982   First   <integer> = 0x0000000000000000 (0)
00:00:00.982   Last    <integer> = 0x0000000000000000 (0)
00:00:00.982   papLeds <integer> = 0x00000000088de1f0 (143516144)
00:00:00.982 
00:00:00.982 [/Devices/vga/] (level 2)
00:00:00.982 
00:00:00.982 [/Devices/vga/0/] (level 3)
00:00:00.982   PCIDeviceNo   <integer> = 0x0000000000000002 (2)
00:00:00.982   PCIFunctionNo <integer> = 0x0000000000000000 (0)
00:00:00.982   Trusted       <integer> = 0x0000000000000001 (1)
00:00:00.982 
00:00:00.982 [/Devices/vga/0/Config/] (level 4)
00:00:00.982   CustomVideoModes <integer> = 0x0000000000000000 (0)
00:00:00.982   FadeIn           <integer> = 0x0000000000000001 (1)
00:00:00.982   FadeOut          <integer> = 0x0000000000000001 (1)
00:00:00.982   HeightReduction  <integer> = 0x0000000000000000 (0)
00:00:00.982   LogoFile         <string>  = "" (cb=1)
00:00:00.982   LogoTime         <integer> = 0x0000000000000000 (0)
00:00:00.982   MonitorCount     <integer> = 0x0000000000000001 (1)
00:00:00.982   ShowBootMenu     <integer> = 0x0000000000000002 (2)
00:00:00.982   VRamSize         <integer> = 0x0000000008000000 (134217728)
00:00:00.982 
00:00:00.982 [/Devices/vga/0/LUN#0/] (level 4)
00:00:00.982   Driver <string>  = "MainDisplay" (cb=12)
00:00:00.982 
00:00:00.982 [/Devices/vga/0/LUN#0/Config/] (level 5)
00:00:00.982   Object <integer> = 0x00000000088de478 (143516792)
00:00:00.982 
00:00:00.982 [/Devices/virtio-net/] (level 2)
00:00:00.982 
00:00:00.982 [/HWVirtExt/] (level 1)
00:00:00.982   64bitEnabled       <integer> = 0x0000000000000000 (0)
00:00:00.982   EnableLargePages   <integer> = 0x0000000000000000 (0)
00:00:00.982   EnableNestedPaging <integer> = 0x0000000000000001 (1)
00:00:00.982   EnableVPID         <integer> = 0x0000000000000001 (1)
00:00:00.982   Enabled            <integer> = 0x0000000000000001 (1)
00:00:00.982   Exclusive          <integer> = 0x0000000000000001 (1)
00:00:00.982 
00:00:00.982 [/PDM/] (level 1)
00:00:00.982 
00:00:00.982 [/PDM/AsyncCompletion/] (level 2)
00:00:00.983 
00:00:00.983 [/PDM/AsyncCompletion/File/] (level 3)
00:00:00.983   CacheEnabled <integer> = 0x0000000000000001 (1)
00:00:00.983   CacheSize    <integer> = 0x0000000000500000 (5242880)
00:00:00.983 
00:00:00.983 [/PDM/Drivers/] (level 2)
00:00:00.983 
00:00:00.983 [/PDM/Drivers/VBoxC/] (level 3)
00:00:00.983   Path <string>  = "/usr/lib/virtualbox/components/VBoxC" (cb=37)
00:00:00.983 
00:00:00.983 [/TM/] (level 1)
00:00:00.983   UTCOffset <integer> = 0x0000000000000000 (0)
00:00:00.983 
00:00:00.983 [/USB/] (level 1)
00:00:00.983 
00:00:00.983 [/USB/USBProxy/] (level 2)
00:00:00.983 
00:00:00.983 [/USB/USBProxy/GlobalConfig/] (level 3)
00:00:00.983 
00:00:00.983 ********************* End of CFGM dump **********************
00:00:00.983 MM: cbHyperHeap=0x140000 (1310720)
00:00:00.983 Logical host processors: 4, processor active mask: 000000000000000f
00:00:00.983 ************************* CPUID dump ************************
00:00:00.983          RAW Standard CPUIDs
00:00:00.983      Function  eax      ebx      ecx      edx
00:00:00.983 Gst: 00000000  00000005 756e6547 6c65746e 49656e69
00:00:00.983 Hst:           0000000d 756e6547 6c65746e 49656e69
00:00:00.983 Gst: 00000001  0001067a 00000800 00000209 078bf1bf
00:00:00.983 Hst:           0001067a 01040800 0408e3fd bfebfbff
00:00:00.983 Gst: 00000002  05b0b101 005657f0 00000000 2cb43048
00:00:00.983 Hst:           05b0b101 005657f0 00000000 2cb43048
00:00:00.983 Gst: 00000003  00000000 00000000 00000000 00000000
00:00:00.983 Hst:           00000000 00000000 00000000 00000000
00:00:00.983 Gst: 00000004  00000000 00000000 00000000 00000000
00:00:00.983 Hst:           0c000121 01c0003f 0000003f 00000001
00:00:00.984 Gst: 00000005  00000040 00000040 00000000 00000000
00:00:00.984 Hst:           00000040 00000040 00000003 00022220
00:00:00.984 Name:                            GenuineIntel
00:00:00.984 Supports:                        0-5
00:00:00.984 Family:                          6  	Extended: 0 	Effective: 6
00:00:00.984 Model:                           7  	Extended: 1 	Effective: 23
00:00:00.984 Stepping:                        10
00:00:00.984 Type:                            0 (primary)
00:00:00.984 APIC ID:                         0x00
00:00:00.984 Logical CPUs:                    0
00:00:00.984 CLFLUSH Size:                    8
00:00:00.984 Brand ID:                        0x00
00:00:00.984 Mnemonic - Description                 = guest (host)
00:00:00.984 FPU - x87 FPU on Chip                  = 1 (1)
00:00:00.984 VME - Virtual 8086 Mode Enhancements   = 1 (1)
00:00:00.984 DE - Debugging extensions              = 1 (1)
00:00:00.984 PSE - Page Size Extension              = 1 (1)
00:00:00.984 TSC - Time Stamp Counter               = 1 (1)
00:00:00.984 MSR - Model Specific Registers         = 1 (1)
00:00:00.984 PAE - Physical Address Extension       = 0 (1)
00:00:00.984 MCE - Machine Check Exception          = 1 (1)
00:00:00.984 CX8 - CMPXCHG8B instruction            = 1 (1)
00:00:00.984 APIC - APIC On-Chip                    = 0 (1)
00:00:00.984 Reserved                               = 0 (0)
00:00:00.984 SEP - SYSENTER and SYSEXIT             = 0 (1)
00:00:00.984 MTRR - Memory Type Range Registers     = 1 (1)
00:00:00.984 PGE - PTE Global Bit                   = 1 (1)
00:00:00.984 MCA - Machine Check Architecture       = 1 (1)
00:00:00.984 CMOV - Conditional Move Instructions   = 1 (1)
00:00:00.984 PAT - Page Attribute Table             = 1 (1)
00:00:00.984 PSE-36 - 36-bit Page Size Extention    = 1 (1)
00:00:00.984 PSN - Processor Serial Number          = 0 (0)
00:00:00.984 CLFSH - CLFLUSH Instruction.           = 1 (1)
00:00:00.984 Reserved                               = 0 (0)
00:00:00.984 DS - Debug Store                       = 0 (1)
00:00:00.984 ACPI - Thermal Mon. & Soft. Clock Ctrl.= 0 (1)
00:00:00.984 MMX - Intel MMX Technology             = 1 (1)
00:00:00.984 FXSR - FXSAVE and FXRSTOR Instructions = 1 (1)
00:00:00.984 SSE - SSE Support                      = 1 (1)
00:00:00.984 SSE2 - SSE2 Support                    = 1 (1)
00:00:00.984 SS - Self Snoop                        = 0 (1)
00:00:00.984 HTT - Hyper-Threading Technolog        = 0 (1)
00:00:00.984 TM - Thermal Monitor                   = 0 (1)
00:00:00.984 30 - Reserved                          = 0 (0)
00:00:00.984 PBE - Pending Break Enable             = 0 (1)
00:00:00.984 Supports SSE3 or not                   = 1 (1)
00:00:00.984 Reserved                               = 0 (0)
00:00:00.984 DS Area 64-bit layout                  = 0 (1)
00:00:00.984 Supports MONITOR/MWAIT                 = 1 (1)
00:00:00.984 CPL-DS - CPL Qualified Debug Store     = 0 (1)
00:00:00.984 VMX - Virtual Machine Technology       = 0 (1)
00:00:00.984 SMX - Safer Mode Extensions            = 0 (1)
00:00:00.984 Enhanced SpeedStep Technology          = 0 (1)
00:00:00.984 Terminal Monitor 2                     = 0 (1)
00:00:00.984 Supports Supplemental SSE3 or not      = 1 (1)
00:00:00.984 L1 Context ID                          = 0 (0)
00:00:00.984 FMA                                    = 0 (0)
00:00:00.984 Reserved                               = 0 (0)
00:00:00.984 CMPXCHG16B                             = 0 (1)
00:00:00.984 xTPR Update Control                    = 0 (1)
00:00:00.984 Perf/Debug Capability MSR              = 0 (1)
00:00:00.984 Reserved                               = 0x0 (0x0)
00:00:00.984 Direct Cache Access                    = 0 (0)
00:00:00.984 Supports SSE4_1 or not                 = 0 (1)
00:00:00.984 Supports SSE4_2 or not                 = 0 (0)
00:00:00.984 Supports the x2APIC extensions         = 0 (0)
00:00:00.984 Supports MOVBE                         = 0 (0)
00:00:00.984 Supports POPCNT                        = 0 (0)
00:00:00.984 Reserved                               = 0x0 (0x0)
00:00:00.984 Supports XSAVE                         = 0 (1)
00:00:00.984 Supports OSXSAVE                       = 0 (0)
00:00:00.984 Reserved                               = 0x0 (0x0)
00:00:00.984 
00:00:00.984          RAW Extended CPUIDs
00:00:00.984      Function  eax      ebx      ecx      edx
00:00:00.984 Gst: 80000000  80000008 00000000 00000000 00000000
00:00:00.984 Hst:           80000008 00000000 00000000 00000000
00:00:00.984 Gst: 80000001  00000000 00000000 00000000 00000000
00:00:00.984 Hst:           00000000 00000000 00000001 20100000
00:00:00.984 Gst: 80000002  65746e49 2952286c 6f655820 2952286e
00:00:00.984 Hst:           65746e49 2952286c 6f655820 2952286e
00:00:00.984 Gst: 80000003  55504320 20202020 20202020 58202020
00:00:00.984 Hst:           55504320 20202020 20202020 58202020
00:00:00.984 Gst: 80000004  30333333 20402020 36362e32 007a4847
00:00:00.984 Hst:           30333333 20402020 36362e32 007a4847
00:00:00.984 Gst: 80000005  00000000 00000000 00000000 00000000
00:00:00.984 Hst:           00000000 00000000 00000000 00000000
00:00:00.984 Gst: 80000006  00000000 00000000 0c006040 00000000
00:00:00.984 Hst:           00000000 00000000 0c006040 00000000
00:00:00.984 Gst: 80000007  00000000 00000000 00000000 00000000
00:00:00.984 Hst:           00000000 00000000 00000000 00000000
00:00:00.984 Gst: 80000008  00003024 00000000 00000000 00000000
00:00:00.984 Hst:           00003024 00000000 00000000 00000000
00:00:00.984 Gst: 80000009  00000000 00000000 00000000 00000000*
00:00:00.984 Hst:           00000000 00000000 00000000 00000000
00:00:00.984 Ext Name:                        
00:00:00.984 Ext Supports:                    0x80000000-0x80000008
00:00:00.984 Family:                          0  	Extended: 0 	Effective: 0
00:00:00.984 Model:                           0  	Extended: 0 	Effective: 0
00:00:00.984 Stepping:                        0
00:00:00.984 Brand ID:                        0x000
00:00:00.984 Mnemonic - Description                 = guest (host)
00:00:00.984 FPU - x87 FPU on Chip                  = 0 (0)
00:00:00.984 VME - Virtual 8086 Mode Enhancements   = 0 (0)
00:00:00.984 DE - Debugging extensions              = 0 (0)
00:00:00.984 PSE - Page Size Extension              = 0 (0)
00:00:00.984 TSC - Time Stamp Counter               = 0 (0)
00:00:00.984 MSR - K86 Model Specific Registers     = 0 (0)
00:00:00.984 PAE - Physical Address Extension       = 0 (0)
00:00:00.984 MCE - Machine Check Exception          = 0 (0)
00:00:00.984 CX8 - CMPXCHG8B instruction            = 0 (0)
00:00:00.984 APIC - APIC On-Chip                    = 0 (0)
00:00:00.984 10 - Reserved                          = 0 (0)
00:00:00.984 SEP - SYSCALL and SYSRET               = 0 (0)
00:00:00.984 MTRR - Memory Type Range Registers     = 0 (0)
00:00:00.984 PGE - PTE Global Bit                   = 0 (0)
00:00:00.984 MCA - Machine Check Architecture       = 0 (0)
00:00:00.984 CMOV - Conditional Move Instructions   = 0 (0)
00:00:00.984 PAT - Page Attribute Table             = 0 (0)
00:00:00.984 PSE-36 - 36-bit Page Size Extention    = 0 (0)
00:00:00.984 18 - Reserved                          = 0 (0)
00:00:00.984 19 - Reserved                          = 0 (0)
00:00:00.984 NX - No-Execute Page Protection        = 0 (1)
00:00:00.984 DS - Debug Store                       = 0 (0)
00:00:00.984 AXMMX - AMD Extensions to MMX Instr.   = 0 (0)
00:00:00.984 MMX - Intel MMX Technology             = 0 (0)
00:00:00.984 FXSR - FXSAVE and FXRSTOR Instructions = 0 (0)
00:00:00.984 25 - AMD fast FXSAVE and FXRSTOR Instr.= 0 (0)
00:00:00.984 26 - 1 GB large page support           = 0 (0)
00:00:00.984 27 - RDTSCP instruction                = 0 (0)
00:00:00.984 28 - Reserved                          = 0 (0)
00:00:00.984 29 - AMD Long Mode                     = 0 (1)
00:00:00.984 30 - AMD Extensions to 3DNow           = 0 (0)
00:00:00.984 31 - AMD 3DNow                         = 0 (0)
00:00:00.984 LahfSahf - LAHF/SAHF in 64-bit mode    = 0 (1)
00:00:00.984 CmpLegacy - Core MP legacy mode (depr) = 0 (0)
00:00:00.984 SVM - AMD VM Extensions                = 0 (0)
00:00:00.984 APIC registers starting at 0x400       = 0 (0)
00:00:00.984 AltMovCR8 - LOCK MOV CR0 means MOV CR8 = 0 (0)
00:00:00.984 Advanced bit manipulation              = 0 (0)
00:00:00.984 SSE4A instruction support              = 0 (0)
00:00:00.984 Misaligned SSE mode                    = 0 (0)
00:00:00.984 PREFETCH and PREFETCHW instruction     = 0 (0)
00:00:00.984 OS visible workaround                  = 0 (0)
00:00:00.984 Instruction based sampling             = 0 (0)
00:00:00.984 SSE5 support                           = 0 (0)
00:00:00.984 SKINIT, STGI, and DEV support          = 0 (0)
00:00:00.984 Watchdog timer support.                = 0 (0)
00:00:00.984 31:14 - Reserved                       = 0x0 (0x0)
00:00:00.984 Full Name:                       Intel(R) Xeon(R) CPU           X3330  @ 2.66GHz
00:00:00.984 TLB 2/4M Instr/Uni:              res0     0 entries
00:00:00.984 TLB 2/4M Data:                   res0     0 entries
00:00:00.984 TLB 4K Instr/Uni:                res0     0 entries
00:00:00.984 TLB 4K Data:                     res0     0 entries
00:00:00.984 L1 Instr Cache Line Size:        0 bytes
00:00:00.984 L1 Instr Cache Lines Per Tag:    0
00:00:00.984 L1 Instr Cache Associativity:    res0  
00:00:00.984 L1 Instr Cache Size:             0 KB
00:00:00.984 L1 Data Cache Line Size:         0 bytes
00:00:00.984 L1 Data Cache Lines Per Tag:     0
00:00:00.984 L1 Data Cache Associativity:     res0  
00:00:00.984 L1 Data Cache Size:              0 KB
00:00:00.984 L2 TLB 2/4M Instr/Uni:           off       0 entries
00:00:00.984 L2 TLB 2/4M Data:                off       0 entries
00:00:00.984 L2 TLB 4K Instr/Uni:             off       0 entries
00:00:00.984 L2 TLB 4K Data:                  off       0 entries
00:00:00.984 L2 Cache Line Size:              0 bytes
00:00:00.984 L2 Cache Lines Per Tag:          0
00:00:00.984 L2 Cache Associativity:          off   
00:00:00.984 L2 Cache Size:                   0 KB
00:00:00.984 APM Features:                   
00:00:00.984 Physical Address Width:          36 bits
00:00:00.984 Virtual Address Width:           48 bits
00:00:00.984 Guest Physical Address Width:    0 bits
00:00:00.984 Physical Core Count:             0
00:00:00.984 
00:00:00.984          RAW Centaur CPUIDs
00:00:00.984      Function  eax      ebx      ecx      edx
00:00:00.984 Gst: c0000000  00000000 00000000 00000000 00000000
00:00:00.984 Hst:           00000003 00000240 00000240 00000000
00:00:00.984 Gst: c0000001  00000000 00000000 00000000 00000000*
00:00:00.984 Hst:           00000000 00000000 00000000 00000000
00:00:00.984 Gst: c0000002  00000000 00000000 00000000 00000000*
00:00:00.984 Hst:           00000000 00000000 00000000 00000000
00:00:00.984 Gst: c0000003  00000000 00000000 00000000 00000000*
00:00:00.984 Hst:           00000000 00000000 00000000 00000000
00:00:00.984 Centaur Supports:                0xc0000000-0x00000000
00:00:00.984 
00:00:00.984 ******************** End of CPUID dump **********************
00:00:01.103 REM: VBoxREM32
00:00:01.109 TM: GIP - u32Mode=1 (SyncTSC) u32UpdateHz=100
00:00:01.142 TM: cTSCTicksPerSecond=0x9e8afe50 (2 659 909 200) fTSCVirtualized=true  fTSCUseRealTSC=false
00:00:01.142 TM: fMaybeUseOffsettedHostTSC=true  TSCTiedToExecution=false TSCNotTiedToHalt=false
00:00:01.142 CoreCode: R3=00555000 R0=f8b30000 RC=a03e5000 Phys=000000002ff20000 cb=0x2000
00:00:01.268 AIOMgr: Default manager type is "Async"
00:00:01.268 AIOMgr: Default file backend is "NonBuffered"
00:00:01.268 AIOMgr: Cache successfully initialised. Cache size is 5242880 bytes
00:00:01.268 AIOMgr: Cache commit interval is 10000 ms
00:00:01.268 AIOMgr: Cache commit threshold is 2621440 bytes
00:00:01.268 AIOMgr: I/O bandwidth not limited
00:00:01.539 [SMP] BIOS with 1 CPUs
00:00:01.619 SUP: Loaded VBoxDDR0.r0 (/usr/lib/virtualbox/VBoxDDR0.r0) at 0xf8d69020 - ModuleInit at 0000000000000000 and ModuleTerm at 0000000000000000
00:00:01.627 SUP: Loaded VBoxDD2R0.r0 (/usr/lib/virtualbox/VBoxDD2R0.r0) at 0xf8d83020 - ModuleInit at 0000000000000000 and ModuleTerm at 0000000000000000
00:00:01.627 Activating Local APIC
00:00:01.627 CPUMSetGuestCpuIdFeature: Enabled APIC
00:00:01.627 CPUMSetGuestCpuIdFeature: Disabled x2APIC
00:00:01.627 PIT: mode=3 count=0x10000 (65536) - 18.20 Hz (ch=0)
00:00:01.651 Shared Folders service loaded.
00:00:01.713 DrvBlock: Flushes will be ignored
00:00:01.713 DrvBlock: Async flushes will be passed to the disk
00:00:01.714 VDInit finished
00:00:01.714 PIIX3 ATA: LUN#0: disk, PCHS=16383/16/63, total number of sectors 41943040
00:00:01.714 PIIX3 ATA: LUN#1: no unit
00:00:01.714 PIIX3 ATA: LUN#2: no unit
00:00:01.714 PIIX3 ATA: LUN#3: no unit
00:00:01.714 PIIX3 ATA: Ctl#0: finished processing RESET
00:00:01.714 PIIX3 ATA: Ctl#1: finished processing RESET
00:00:01.714 IntNet#0: szNetwork={HostInterfaceNetworking-eth0} enmTrunkType=3 szTrunk={eth0} fFlags=0x0 cbRecv=325632 cbSend=196608
00:00:01.715 Audio: Trying driver 'alsa'.
00:00:01.715 Audio: set_record_source ars=0 als=0 (not implemented)
00:00:01.747 ALSA: Failed to open 'default' as ADC
00:00:01.747 ALSA: Failed to open 'default' as ADC
00:00:01.748 ALSA: Failed to open 'default' as DAC
00:00:01.748 ALSA: Failed to open 'default' as DAC
00:00:01.748 ALSA: Failed to open 'default' as ADC
00:00:01.748 ALSA: Failed to open 'default' as ADC
00:00:01.748 AC97: WARNING: Unable to open PCM IN!
00:00:01.748 AC97: WARNING: Unable to open PCM MC!
00:00:01.748 AC97: WARNING: Unable to open PCM OUT!
00:00:01.748 Audio: Using NULL audio driver
00:00:01.748 Audio: set_record_source ars=0 als=0 (not implemented)
00:00:01.748 VM: Raising runtime error 'HostAudioNotResponding' (fFlags=0x0)
00:00:01.748 Console: VM runtime error: fatal=false, errorID=HostAudioNotResponding message="No audio devices could be opened. Selecting the NULL audio backend with the consequence that no sound is audible"
00:00:01.755 DevPcBios: ATA LUN#0 LCHS=1024/255/63
00:00:01.756 PGMR3InitFinalize: 4 MB PSE mask 0000000fffffffff
00:00:01.768 HWACCM: No VT-x or AMD-V CPU extension found. Reason VERR_VMX_MSR_LOCKED_OR_DISABLED
00:00:01.768 HWACCM: VMX MSR_IA32_FEATURE_CONTROL=1
00:00:01.778 VM: Halt method global1 (5)
00:00:01.778 Changing the VM state from 'CREATING' to 'CREATED'.
00:00:01.778 Changing the VM state from 'CREATED' to 'POWERING_ON'.
00:00:01.779 Changing the VM state from 'POWERING_ON' to 'RUNNING'.
00:00:01.783 Guest Log: BIOS: VirtualBox 3.2.6
00:00:01.783 PIT: mode=2 count=0x10000 (65536) - 18.20 Hz (ch=0)
00:00:01.813 PIIX3 ATA: Ctl#0: RESET, DevSel=0 AIOIf=0 CmdIf0=0x00 (-1 usec ago) CmdIf1=0x00 (-1 usec ago)
00:00:01.813 PIIX3 ATA: Ctl#0: finished processing RESET
00:00:01.814 Guest Log: BIOS: ata0-0: PCHS=16383/16/63 LCHS=1024/255/63
00:00:01.815 PIT: mode=2 count=0x48d3 (18643) - 64.00 Hz (ch=0)
00:00:01.823 Display::handleDisplayResize(): uScreenId = 0, pvVRAM=ae2bb000 w=640 h=480 bpp=32 cbLine=0xA00
00:00:04.294 PIT: mode=2 count=0x10000 (65536) - 18.20 Hz (ch=0)
00:00:04.295 Guest Log: BIOS: Boot from Floppy 0 failed
00:00:04.295 Guest Log: BIOS: CDROM boot failure code : 0002
00:00:04.295 Guest Log: BIOS: Boot from CD-ROM failed
00:00:04.296 Guest Log: BIOS: Booting from Hard Disk...
00:00:04.302 Display::handleDisplayResize(): uScreenId = 0, pvVRAM=00000000 w=720 h=400 bpp=0 cbLine=0x0
00:00:04.500 Guest Log: BIOS: int13_harddisk: function 15, unmapped device for ELDL=81
00:00:05.043 2D video acceleration is disabled.
00:00:11.481 PIT: mode=2 count=0x2ead (11949) - 99.85 Hz (ch=0)
00:00:11.599 CPUMSetGuestCpuIdFeature: Disabled x2APIC
00:00:11.622 Display::handleDisplayResize(): uScreenId = 0, pvVRAM=ae2bb000 w=640 h=480 bpp=0 cbLine=0x140
00:00:13.059 PIIX3 ATA: LUN#0: IDLE IMMEDIATE, CmdIf=0xef (-1 usec ago)
00:00:13.059 PIIX3 ATA: LUN#0: aborting current command
00:00:16.965 EHCI: Hardware reset
00:00:16.966 EHCI: USB Operational
00:00:17.016 PCNet#0: Init: ss32=1 GCRDRA=0x02112420[64] GCTDRA=0x02112020[64]
00:00:18.026 Audio: set_record_source ars=0 als=0 (not implemented)
00:00:18.029 Audio: set_record_source ars=0 als=0 (not implemented)
00:00:18.041 OHCI: Software reset
00:00:18.041 OHCI: USB Reset
00:00:18.041 OHCI: USB Operational
00:00:18.179 PCNet#0: Init: ss32=1 GCRDRA=0x02112420[64] GCTDRA=0x02112020[64]
00:00:18.181 PCNet#0: Init: ss32=1 GCRDRA=0x02112420[64] GCTDRA=0x02112020[64]
00:00:19.075 EHCI: USB Suspended
00:00:19.183 OHCI: USB Suspended
00:00:37.503 Display::handleDisplayResize(): uScreenId = 0, pvVRAM=ae2bb000 w=640 h=480 bpp=32 cbLine=0xA00
00:00:40.692 PCNet#0: Init: ss32=1 GCRDRA=0x02112420[64] GCTDRA=0x02112020[64]
00:00:59.872 PIIX3 ATA: LUN#0: IDLE IMMEDIATE, CmdIf=0xe7 (-1 usec ago)
00:00:59.872 PIIX3 ATA: LUN#0: aborting current command
00:00:59.878 Changing the VM state from 'RUNNING' to 'RESETTING'.
00:00:59.903 CPUMSetGuestCpuIdFeature: Enabled APIC
00:00:59.903 CPUMSetGuestCpuIdFeature: Disabled x2APIC
00:00:59.903 PIT: mode=3 count=0x10000 (65536) - 18.20 Hz (ch=0)
00:00:59.949 PIIX3 ATA: Ctl#0: finished processing RESET
00:00:59.949 PIIX3 ATA: Ctl#1: finished processing RESET
00:00:59.950 Audio: set_record_source ars=0 als=0 (not implemented)
00:00:59.950 Changing the VM state from 'RESETTING' to 'RUNNING'.
00:00:59.953 Guest Log: BIOS: VirtualBox 3.2.6
00:00:59.953 PIT: mode=2 count=0x10000 (65536) - 18.20 Hz (ch=0)
00:00:59.978 PIIX3 ATA: Ctl#0: RESET, DevSel=0 AIOIf=0 CmdIf0=0xe1 (-1 usec ago) CmdIf1=0x00 (-1 usec ago)
00:00:59.978 PIIX3 ATA: Ctl#0: finished processing RESET
00:00:59.979 Guest Log: BIOS: ata0-0: PCHS=16383/16/63 LCHS=1024/255/63
00:00:59.980 PIT: mode=2 count=0x48d3 (18643) - 64.00 Hz (ch=0)
00:00:59.994 Display::handleDisplayResize(): uScreenId = 0, pvVRAM=ae2bb000 w=640 h=480 bpp=32 cbLine=0xA00
00:01:02.443 PIT: mode=2 count=0x10000 (65536) - 18.20 Hz (ch=0)
00:01:02.444 Guest Log: BIOS: Boot from Floppy 0 failed
00:01:02.444 Guest Log: BIOS: CDROM boot failure code : 0002
00:01:02.444 Guest Log: BIOS: Boot from CD-ROM failed
00:01:02.445 Guest Log: BIOS: Booting from Hard Disk...
00:01:02.454 Display::handleDisplayResize(): uScreenId = 0, pvVRAM=00000000 w=720 h=400 bpp=0 cbLine=0x0
00:01:02.640 Guest Log: BIOS: int13_harddisk: function 15, unmapped device for ELDL=81
00:01:04.851 PIT: mode=2 count=0x2ead (11949) - 99.85 Hz (ch=0)
00:01:04.945 CPUMSetGuestCpuIdFeature: Disabled x2APIC
00:01:04.967 Display::handleDisplayResize(): uScreenId = 0, pvVRAM=ae2bb000 w=640 h=480 bpp=0 cbLine=0x140
00:01:06.338 PIIX3 ATA: LUN#0: IDLE IMMEDIATE, CmdIf=0xef (-1 usec ago)
00:01:06.338 PIIX3 ATA: LUN#0: aborting current command
00:01:07.609 EHCI: Hardware reset
00:01:07.609 EHCI: USB Operational
00:01:07.644 PCNet#0: Init: ss32=1 GCRDRA=0x021c1420[64] GCTDRA=0x021c1020[64]
00:01:08.652 Audio: set_record_source ars=0 als=0 (not implemented)
00:01:08.655 Audio: set_record_source ars=0 als=0 (not implemented)
00:01:08.672 OHCI: Software reset
00:01:08.672 OHCI: USB Reset
00:01:08.672 OHCI: USB Operational
00:01:08.917 PCNet#0: Init: ss32=1 GCRDRA=0x021c1420[64] GCTDRA=0x021c1020[64]
00:01:08.922 PCNet#0: Init: ss32=1 GCRDRA=0x021c1420[64] GCTDRA=0x021c1020[64]
00:01:09.591 Display::handleDisplayResize(): uScreenId = 0, pvVRAM=ae2bb000 w=640 h=480 bpp=32 cbLine=0xA00
00:01:09.848 EHCI: USB Suspended
00:01:09.849 OHCI: USB Suspended
00:01:10.704 PCNet#0: Init: ss32=1 GCRDRA=0x021c1420[64] GCTDRA=0x021c1020[64]
00:01:29.897 PIIX3 ATA: LUN#0: IDLE IMMEDIATE, CmdIf=0xe7 (-1 usec ago)
00:01:29.897 PIIX3 ATA: LUN#0: aborting current command
00:01:29.906 Changing the VM state from 'RUNNING' to 'RESETTING'.
00:01:29.935 CPUMSetGuestCpuIdFeature: Enabled APIC
00:01:29.935 CPUMSetGuestCpuIdFeature: Disabled x2APIC
00:01:29.935 PIT: mode=3 count=0x10000 (65536) - 18.20 Hz (ch=0)
00:01:29.984 PIIX3 ATA: Ctl#0: finished processing RESET
00:01:29.985 PIIX3 ATA: Ctl#1: finished processing RESET
00:01:29.985 Audio: set_record_source ars=0 als=0 (not implemented)
00:01:29.985 Changing the VM state from 'RESETTING' to 'RUNNING'.
00:01:29.988 Guest Log: BIOS: VirtualBox 3.2.6
00:01:29.988 PIT: mode=2 count=0x10000 (65536) - 18.20 Hz (ch=0)
00:01:30.014 PIIX3 ATA: Ctl#0: RESET, DevSel=0 AIOIf=0 CmdIf0=0xe1 (-1 usec ago) CmdIf1=0x00 (-1 usec ago)
00:01:30.014 PIIX3 ATA: Ctl#0: finished processing RESET
00:01:30.015 Guest Log: BIOS: ata0-0: PCHS=16383/16/63 LCHS=1024/255/63
00:01:30.016 PIT: mode=2 count=0x48d3 (18643) - 64.00 Hz (ch=0)
00:01:30.025 Display::handleDisplayResize(): uScreenId = 0, pvVRAM=ae2bb000 w=640 h=480 bpp=32 cbLine=0xA00
00:01:32.476 Display::handleDisplayResize(): uScreenId = 0, pvVRAM=00000000 w=720 h=400 bpp=0 cbLine=0x0
00:01:32.491 PIT: mode=2 count=0x10000 (65536) - 18.20 Hz (ch=0)
00:01:32.493 Guest Log: BIOS: Boot from Floppy 0 failed
00:01:32.493 Guest Log: BIOS: CDROM boot failure code : 0002
00:01:32.493 Guest Log: BIOS: Boot from CD-ROM failed
00:01:32.493 Guest Log: BIOS: Booting from Hard Disk...
00:01:32.689 Guest Log: BIOS: int13_harddisk: function 15, unmapped device for ELDL=81
00:01:34.687 PIT: mode=2 count=0x2ead (11949) - 99.85 Hz (ch=0)
00:01:34.781 CPUMSetGuestCpuIdFeature: Disabled x2APIC
00:01:34.802 Display::handleDisplayResize(): uScreenId = 0, pvVRAM=ae2bb000 w=640 h=480 bpp=0 cbLine=0x140
00:01:36.164 PIIX3 ATA: LUN#0: IDLE IMMEDIATE, CmdIf=0xef (-1 usec ago)
00:01:36.164 PIIX3 ATA: LUN#0: aborting current command
00:01:37.455 EHCI: Hardware reset
00:01:37.455 EHCI: USB Operational
00:01:37.499 PCNet#0: Init: ss32=1 GCRDRA=0x0219c420[64] GCTDRA=0x0219c020[64]
00:01:38.507 Audio: set_record_source ars=0 als=0 (not implemented)
00:01:38.508 Audio: set_record_source ars=0 als=0 (not implemented)
00:01:38.517 OHCI: Software reset
00:01:38.517 OHCI: USB Reset
00:01:38.517 OHCI: USB Operational
00:01:38.786 PCNet#0: Init: ss32=1 GCRDRA=0x0219c420[64] GCTDRA=0x0219c020[64]
00:01:38.789 PCNet#0: Init: ss32=1 GCRDRA=0x0219c420[64] GCTDRA=0x0219c020[64]
00:01:39.466 Display::handleDisplayResize(): uScreenId = 0, pvVRAM=ae2bb000 w=640 h=480 bpp=32 cbLine=0xA00
00:01:39.550 EHCI: USB Suspended
00:01:39.714 OHCI: USB Suspended
00:01:40.500 PCNet#0: Init: ss32=1 GCRDRA=0x0219c420[64] GCTDRA=0x0219c020[64]
00:01:59.623 PIIX3 ATA: LUN#0: IDLE IMMEDIATE, CmdIf=0xe7 (-1 usec ago)
00:01:59.623 PIIX3 ATA: LUN#0: aborting current command
00:01:59.630 Changing the VM state from 'RUNNING' to 'RESETTING'.
00:01:59.661 CPUMSetGuestCpuIdFeature: Enabled APIC
00:01:59.661 CPUMSetGuestCpuIdFeature: Disabled x2APIC
00:01:59.661 PIT: mode=3 count=0x10000 (65536) - 18.20 Hz (ch=0)
00:01:59.708 PIIX3 ATA: Ctl#0: finished processing RESET
00:01:59.708 Audio: set_record_source ars=0 als=0 (not implemented)
00:01:59.709 PIIX3 ATA: Ctl#1: finished processing RESET
00:01:59.709 Changing the VM state from 'RESETTING' to 'RUNNING'.
00:01:59.712 Guest Log: BIOS: VirtualBox 3.2.6
00:01:59.712 PIT: mode=2 count=0x10000 (65536) - 18.20 Hz (ch=0)
00:01:59.737 PIIX3 ATA: Ctl#0: RESET, DevSel=0 AIOIf=0 CmdIf0=0xe1 (-1 usec ago) CmdIf1=0x00 (-1 usec ago)
00:01:59.737 PIIX3 ATA: Ctl#0: finished processing RESET
00:01:59.738 Guest Log: BIOS: ata0-0: PCHS=16383/16/63 LCHS=1024/255/63
00:01:59.739 PIT: mode=2 count=0x48d3 (18643) - 64.00 Hz (ch=0)
00:01:59.753 Display::handleDisplayResize(): uScreenId = 0, pvVRAM=ae2bb000 w=640 h=480 bpp=32 cbLine=0xA00
00:02:02.194 Display::handleDisplayResize(): uScreenId = 0, pvVRAM=00000000 w=720 h=400 bpp=0 cbLine=0x0
00:02:02.202 PIT: mode=2 count=0x10000 (65536) - 18.20 Hz (ch=0)
00:02:02.203 Guest Log: BIOS: Boot from Floppy 0 failed
00:02:02.203 Guest Log: BIOS: CDROM boot failure code : 0002
00:02:02.203 Guest Log: BIOS: Boot from CD-ROM failed
00:02:02.204 Guest Log: BIOS: Booting from Hard Disk...
00:02:02.398 Guest Log: BIOS: int13_harddisk: function 15, unmapped device for ELDL=81
00:02:04.551 PIT: mode=2 count=0x2ead (11949) - 99.85 Hz (ch=0)
00:02:04.647 CPUMSetGuestCpuIdFeature: Disabled x2APIC
00:02:04.668 Display::handleDisplayResize(): uScreenId = 0, pvVRAM=ae2bb000 w=640 h=480 bpp=0 cbLine=0x140
00:02:06.118 PIIX3 ATA: LUN#0: IDLE IMMEDIATE, CmdIf=0xef (-1 usec ago)
00:02:06.119 PIIX3 ATA: LUN#0: aborting current command
00:02:07.429 EHCI: Hardware reset
00:02:07.429 EHCI: USB Operational
00:02:07.489 PCNet#0: Init: ss32=1 GCRDRA=0x021ac420[64] GCTDRA=0x021ac020[64]
00:02:08.505 Audio: set_record_source ars=0 als=0 (not implemented)
00:02:08.506 Audio: set_record_source ars=0 als=0 (not implemented)
00:02:08.514 OHCI: Software reset
00:02:08.514 OHCI: USB Reset
00:02:08.514 OHCI: USB Operational
00:02:08.784 PCNet#0: Init: ss32=1 GCRDRA=0x021ac420[64] GCTDRA=0x021ac020[64]
00:02:08.791 PCNet#0: Init: ss32=1 GCRDRA=0x021ac420[64] GCTDRA=0x021ac020[64]
00:02:09.431 Display::handleDisplayResize(): uScreenId = 0, pvVRAM=ae2bb000 w=640 h=480 bpp=32 cbLine=0xA00
00:02:09.525 EHCI: USB Suspended
00:02:09.679 OHCI: USB Suspended
00:02:10.593 PCNet#0: Init: ss32=1 GCRDRA=0x021ac420[64] GCTDRA=0x021ac020[64]
00:02:29.738 PIIX3 ATA: LUN#0: IDLE IMMEDIATE, CmdIf=0xe7 (-1 usec ago)
00:02:29.738 PIIX3 ATA: LUN#0: aborting current command
00:02:29.745 Changing the VM state from 'RUNNING' to 'RESETTING'.
00:02:29.775 CPUMSetGuestCpuIdFeature: Enabled APIC
00:02:29.775 CPUMSetGuestCpuIdFeature: Disabled x2APIC
00:02:29.775 PIT: mode=3 count=0x10000 (65536) - 18.20 Hz (ch=0)
00:02:29.823 PIIX3 ATA: Ctl#0: finished processing RESET
00:02:29.823 PIIX3 ATA: Ctl#1: finished processing RESET
00:02:29.823 Audio: set_record_source ars=0 als=0 (not implemented)
00:02:29.824 Changing the VM state from 'RESETTING' to 'RUNNING'.
00:02:29.827 Guest Log: BIOS: VirtualBox 3.2.6
00:02:29.827 PIT: mode=2 count=0x10000 (65536) - 18.20 Hz (ch=0)
00:02:29.853 PIIX3 ATA: Ctl#0: RESET, DevSel=0 AIOIf=0 CmdIf0=0xe1 (-1 usec ago) CmdIf1=0x00 (-1 usec ago)
00:02:29.853 PIIX3 ATA: Ctl#0: finished processing RESET
00:02:29.854 Guest Log: BIOS: ata0-0: PCHS=16383/16/63 LCHS=1024/255/63
00:02:29.855 PIT: mode=2 count=0x48d3 (18643) - 64.00 Hz (ch=0)
00:02:29.864 Display::handleDisplayResize(): uScreenId = 0, pvVRAM=ae2bb000 w=640 h=480 bpp=32 cbLine=0xA00
00:02:32.301 PIT: mode=2 count=0x10000 (65536) - 18.20 Hz (ch=0)
00:02:32.302 Guest Log: BIOS: Boot from Floppy 0 failed
00:02:32.302 Guest Log: BIOS: CDROM boot failure code : 0002
00:02:32.302 Guest Log: BIOS: Boot from CD-ROM failed
00:02:32.303 Guest Log: BIOS: Booting from Hard Disk...
00:02:32.304 Display::handleDisplayResize(): uScreenId = 0, pvVRAM=00000000 w=720 h=400 bpp=0 cbLine=0x0
00:02:32.498 Guest Log: BIOS: int13_harddisk: function 15, unmapped device for ELDL=81
00:02:34.459 PIT: mode=2 count=0x2ead (11949) - 99.85 Hz (ch=0)
00:02:34.553 CPUMSetGuestCpuIdFeature: Disabled x2APIC
00:02:34.574 Display::handleDisplayResize(): uScreenId = 0, pvVRAM=ae2bb000 w=640 h=480 bpp=0 cbLine=0x140
00:02:35.941 PIIX3 ATA: LUN#0: IDLE IMMEDIATE, CmdIf=0xef (-1 usec ago)
00:02:35.941 PIIX3 ATA: LUN#0: aborting current command
00:02:37.261 EHCI: Hardware reset
00:02:37.261 EHCI: USB Operational
00:02:37.317 PCNet#0: Init: ss32=1 GCRDRA=0x021a4420[64] GCTDRA=0x021a4020[64]
00:02:38.324 Audio: set_record_source ars=0 als=0 (not implemented)
00:02:38.325 Audio: set_record_source ars=0 als=0 (not implemented)
00:02:38.334 OHCI: Software reset
00:02:38.334 OHCI: USB Reset
00:02:38.334 OHCI: USB Operational
00:02:38.615 PCNet#0: Init: ss32=1 GCRDRA=0x021a4420[64] GCTDRA=0x021a4020[64]
00:02:38.622 PCNet#0: Init: ss32=1 GCRDRA=0x021a4420[64] GCTDRA=0x021a4020[64]
00:02:39.264 Display::handleDisplayResize(): uScreenId = 0, pvVRAM=ae2bb000 w=640 h=480 bpp=32 cbLine=0xA00
00:02:39.356 EHCI: USB Suspended
00:02:39.511 OHCI: USB Suspended
00:02:40.530 PCNet#0: Init: ss32=1 GCRDRA=0x021a4420[64] GCTDRA=0x021a4020[64]
00:02:59.680 PIIX3 ATA: LUN#0: IDLE IMMEDIATE, CmdIf=0xe7 (-1 usec ago)
00:02:59.680 PIIX3 ATA: LUN#0: aborting current command
00:02:59.687 Changing the VM state from 'RUNNING' to 'RESETTING'.
00:02:59.733 CPUMSetGuestCpuIdFeature: Enabled APIC
00:02:59.733 CPUMSetGuestCpuIdFeature: Disabled x2APIC
00:02:59.733 PIT: mode=3 count=0x10000 (65536) - 18.20 Hz (ch=0)
00:02:59.783 PIIX3 ATA: Ctl#0: finished processing RESET
00:02:59.783 PIIX3 ATA: Ctl#1: finished processing RESET
00:02:59.784 Audio: set_record_source ars=0 als=0 (not implemented)
00:02:59.784 Changing the VM state from 'RESETTING' to 'RUNNING'.
00:02:59.787 Guest Log: BIOS: VirtualBox 3.2.6
00:02:59.787 PIT: mode=2 count=0x10000 (65536) - 18.20 Hz (ch=0)
00:02:59.819 PIIX3 ATA: Ctl#0: RESET, DevSel=0 AIOIf=0 CmdIf0=0xe1 (-1 usec ago) CmdIf1=0x00 (-1 usec ago)
00:02:59.819 PIIX3 ATA: Ctl#0: finished processing RESET
00:02:59.820 Guest Log: BIOS: ata0-0: PCHS=16383/16/63 LCHS=1024/255/63
00:02:59.821 PIT: mode=2 count=0x48d3 (18643) - 64.00 Hz (ch=0)
00:02:59.825 Display::handleDisplayResize(): uScreenId = 0, pvVRAM=ae2bb000 w=640 h=480 bpp=32 cbLine=0xA00
00:02:59.831 Guest Log: Key pressed: 0042
00:02:59.856 Guest Log: Key pressed: 0042
00:03:02.244 Display::handleDisplayResize(): uScreenId = 0, pvVRAM=00000000 w=720 h=400 bpp=0 cbLine=0x0
00:03:02.249 PIT: mode=2 count=0x10000 (65536) - 18.20 Hz (ch=0)
00:03:02.249 Guest Log: BIOS: Boot from Floppy 0 failed
00:03:02.250 Guest Log: BIOS: CDROM boot failure code : 0002
00:03:02.250 Guest Log: BIOS: Boot from CD-ROM failed
00:03:02.251 Guest Log: BIOS: Booting from Hard Disk...
00:03:02.440 Guest Log: BIOS: int13_harddisk: function 15, unmapped device for ELDL=81
00:03:09.010 PIT: mode=2 count=0x2ead (11949) - 99.85 Hz (ch=0)
00:03:09.104 CPUMSetGuestCpuIdFeature: Disabled x2APIC
00:03:09.127 Display::handleDisplayResize(): uScreenId = 0, pvVRAM=ae2bb000 w=640 h=480 bpp=0 cbLine=0x140
00:03:10.532 PIIX3 ATA: LUN#0: IDLE IMMEDIATE, CmdIf=0xef (-1 usec ago)
00:03:10.532 PIIX3 ATA: LUN#0: aborting current command
00:03:11.782 EHCI: Hardware reset
00:03:11.783 EHCI: USB Operational
00:03:11.820 PCNet#0: Init: ss32=1 GCRDRA=0x021ec420[64] GCTDRA=0x021ec020[64]
00:03:12.836 Audio: set_record_source ars=0 als=0 (not implemented)
00:03:12.837 Audio: set_record_source ars=0 als=0 (not implemented)
00:03:12.847 OHCI: Software reset
00:03:12.847 OHCI: USB Reset
00:03:12.847 OHCI: USB Operational
00:03:13.102 PCNet#0: Init: ss32=1 GCRDRA=0x021ec420[64] GCTDRA=0x021ec020[64]
00:03:13.105 PCNet#0: Init: ss32=1 GCRDRA=0x021ec420[64] GCTDRA=0x021ec020[64]
00:03:13.779 Display::handleDisplayResize(): uScreenId = 0, pvVRAM=ae2bb000 w=640 h=480 bpp=32 cbLine=0xA00
00:03:13.877 EHCI: USB Suspended
00:03:14.032 OHCI: USB Suspended
00:03:15.484 PCNet#0: Init: ss32=1 GCRDRA=0x021ec420[64] GCTDRA=0x021ec020[64]
00:08:25.230 PIT: mode=2 count=0x4ad (1197) - 996.81 Hz (ch=0)
00:09:13.767 PIIX3 ATA: LUN#0: IDLE IMMEDIATE, CmdIf=0xe7 (-1 usec ago)
00:09:13.767 PIIX3 ATA: LUN#0: aborting current command
00:09:13.776 Changing the VM state from 'RUNNING' to 'RESETTING'.
00:09:13.821 CPUMSetGuestCpuIdFeature: Enabled APIC
00:09:13.821 CPUMSetGuestCpuIdFeature: Disabled x2APIC
00:09:13.821 PIT: mode=3 count=0x10000 (65536) - 18.20 Hz (ch=0)
00:09:13.869 PIIX3 ATA: Ctl#0: finished processing RESET
00:09:13.869 PIIX3 ATA: Ctl#1: finished processing RESET
00:09:13.869 Audio: set_record_source ars=0 als=0 (not implemented)
00:09:13.870 TM: Aborting catch-up attempt on reset with a 94 659 235 ns lag on reset; new total: 94 659 235 ns
00:09:13.870 Changing the VM state from 'RESETTING' to 'RUNNING'.
00:09:13.873 Guest Log: BIOS: VirtualBox 3.2.6
00:09:13.873 PIT: mode=2 count=0x10000 (65536) - 18.20 Hz (ch=0)
00:09:13.898 PIIX3 ATA: Ctl#0: RESET, DevSel=0 AIOIf=0 CmdIf0=0xe1 (-1 usec ago) CmdIf1=0x00 (-1 usec ago)
00:09:13.898 PIIX3 ATA: Ctl#0: finished processing RESET
00:09:13.900 Guest Log: BIOS: ata0-0: PCHS=16383/16/63 LCHS=1024/255/63
00:09:13.901 PIT: mode=2 count=0x48d3 (18643) - 64.00 Hz (ch=0)
00:09:13.914 Display::handleDisplayResize(): uScreenId = 0, pvVRAM=ae2bb000 w=640 h=480 bpp=32 cbLine=0xA00
00:09:16.378 PIT: mode=2 count=0x10000 (65536) - 18.20 Hz (ch=0)
00:09:16.379 Guest Log: BIOS: Boot from Floppy 0 failed
00:09:16.380 Guest Log: BIOS: CDROM boot failure code : 0002
00:09:16.380 Guest Log: BIOS: Boot from CD-ROM failed
00:09:16.381 Guest Log: BIOS: Booting from Hard Disk...
00:09:16.394 Display::handleDisplayResize(): uScreenId = 0, pvVRAM=00000000 w=720 h=400 bpp=0 cbLine=0x0
00:09:16.568 Guest Log: BIOS: int13_harddisk: function 15, unmapped device for ELDL=81
00:09:18.723 PIT: mode=2 count=0x2ead (11949) - 99.85 Hz (ch=0)
00:09:18.920 CPUMSetGuestCpuIdFeature: Disabled x2APIC
00:09:18.943 Display::handleDisplayResize(): uScreenId = 0, pvVRAM=ae2bb000 w=640 h=480 bpp=0 cbLine=0x140
00:09:20.403 PIIX3 ATA: LUN#0: IDLE IMMEDIATE, CmdIf=0xef (-1 usec ago)
00:09:20.403 PIIX3 ATA: LUN#0: aborting current command
00:09:21.808 EHCI: Hardware reset
00:09:21.809 EHCI: USB Operational
00:09:21.853 PCNet#0: Init: ss32=1 GCRDRA=0x023ba420[64] GCTDRA=0x023ba020[64]
00:09:22.867 Audio: set_record_source ars=0 als=0 (not implemented)
00:09:22.868 Audio: set_record_source ars=0 als=0 (not implemented)
00:09:22.877 OHCI: Software reset
00:09:22.877 OHCI: USB Reset
00:09:22.877 OHCI: USB Operational
00:09:23.126 PCNet#0: Init: ss32=1 GCRDRA=0x023ba420[64] GCTDRA=0x023ba020[64]
00:09:23.128 PCNet#0: Init: ss32=1 GCRDRA=0x023ba420[64] GCTDRA=0x023ba020[64]
00:09:23.755 Display::handleDisplayResize(): uScreenId = 0, pvVRAM=ae2bb000 w=640 h=480 bpp=32 cbLine=0xA00
00:09:23.863 EHCI: USB Suspended
00:09:24.021 OHCI: USB Suspended
00:09:25.237 PCNet#0: Init: ss32=1 GCRDRA=0x023ba420[64] GCTDRA=0x023ba020[64]
00:09:44.385 PIIX3 ATA: LUN#0: IDLE IMMEDIATE, CmdIf=0xe7 (-1 usec ago)
00:09:44.385 PIIX3 ATA: LUN#0: aborting current command
00:09:44.394 Changing the VM state from 'RUNNING' to 'RESETTING'.
00:09:44.424 CPUMSetGuestCpuIdFeature: Enabled APIC
00:09:44.424 CPUMSetGuestCpuIdFeature: Disabled x2APIC
00:09:44.424 PIT: mode=3 count=0x10000 (65536) - 18.20 Hz (ch=0)
00:09:44.472 PIIX3 ATA: Ctl#0: finished processing RESET
00:09:44.472 PIIX3 ATA: Ctl#1: finished processing RESET
00:09:44.472 Audio: set_record_source ars=0 als=0 (not implemented)
00:09:44.473 Changing the VM state from 'RESETTING' to 'RUNNING'.
00:09:44.476 Guest Log: BIOS: VirtualBox 3.2.6
00:09:44.476 PIT: mode=2 count=0x10000 (65536) - 18.20 Hz (ch=0)
00:09:44.502 PIIX3 ATA: Ctl#0: RESET, DevSel=0 AIOIf=0 CmdIf0=0xe1 (-1 usec ago) CmdIf1=0x00 (-1 usec ago)
00:09:44.503 PIIX3 ATA: Ctl#0: finished processing RESET
00:09:44.504 Guest Log: BIOS: ata0-0: PCHS=16383/16/63 LCHS=1024/255/63
00:09:44.505 PIT: mode=2 count=0x48d3 (18643) - 64.00 Hz (ch=0)
00:09:44.514 Display::handleDisplayResize(): uScreenId = 0, pvVRAM=ae2bb000 w=640 h=480 bpp=32 cbLine=0xA00
00:09:46.966 PIT: mode=2 count=0x10000 (65536) - 18.20 Hz (ch=0)
00:09:46.967 Guest Log: BIOS: Boot from Floppy 0 failed
00:09:46.967 Guest Log: BIOS: CDROM boot failure code : 0002
00:09:46.967 Guest Log: BIOS: Boot from CD-ROM failed
00:09:46.968 Guest Log: BIOS: Booting from Hard Disk...
00:09:46.974 Display::handleDisplayResize(): uScreenId = 0, pvVRAM=00000000 w=720 h=400 bpp=0 cbLine=0x0
00:09:47.158 Guest Log: BIOS: int13_harddisk: function 15, unmapped device for ELDL=81
00:09:49.551 PIT: mode=2 count=0x2ead (11949) - 99.85 Hz (ch=0)
00:09:49.648 CPUMSetGuestCpuIdFeature: Disabled x2APIC
00:09:49.668 Display::handleDisplayResize(): uScreenId = 0, pvVRAM=ae2bb000 w=640 h=480 bpp=0 cbLine=0x140
00:09:51.189 PIIX3 ATA: LUN#0: IDLE IMMEDIATE, CmdIf=0xef (-1 usec ago)
00:09:51.189 PIIX3 ATA: LUN#0: aborting current command
00:09:52.320 EHCI: Hardware reset
00:09:52.320 EHCI: USB Operational
00:09:52.356 PCNet#0: Init: ss32=1 GCRDRA=0x025d6420[64] GCTDRA=0x025d6020[64]
00:09:53.362 Audio: set_record_source ars=0 als=0 (not implemented)
00:09:53.364 Audio: set_record_source ars=0 als=0 (not implemented)
00:09:53.372 OHCI: Software reset
00:09:53.372 OHCI: USB Reset
00:09:53.372 OHCI: USB Operational
00:09:53.651 PCNet#0: Init: ss32=1 GCRDRA=0x025d6420[64] GCTDRA=0x025d6020[64]
00:09:53.653 PCNet#0: Init: ss32=1 GCRDRA=0x025d6420[64] GCTDRA=0x025d6020[64]
00:09:54.309 Display::handleDisplayResize(): uScreenId = 0, pvVRAM=ae2bb000 w=640 h=480 bpp=32 cbLine=0xA00
00:09:54.559 EHCI: USB Suspended
00:09:54.560 OHCI: USB Suspended
00:09:55.436 PCNet#0: Init: ss32=1 GCRDRA=0x025d6420[64] GCTDRA=0x025d6020[64]
00:10:14.619 PIIX3 ATA: LUN#0: IDLE IMMEDIATE, CmdIf=0xe7 (-1 usec ago)
00:10:14.619 PIIX3 ATA: LUN#0: aborting current command
00:10:14.628 Changing the VM state from 'RUNNING' to 'RESETTING'.
00:10:14.672 CPUMSetGuestCpuIdFeature: Enabled APIC
00:10:14.672 CPUMSetGuestCpuIdFeature: Disabled x2APIC
00:10:14.672 PIT: mode=3 count=0x10000 (65536) - 18.20 Hz (ch=0)
00:10:14.722 PIIX3 ATA: Ctl#1: finished processing RESET
00:10:14.722 PIIX3 ATA: Ctl#0: finished processing RESET
00:10:14.722 Audio: set_record_source ars=0 als=0 (not implemented)
00:10:14.723 Changing the VM state from 'RESETTING' to 'RUNNING'.
00:10:14.726 Guest Log: BIOS: VirtualBox 3.2.6
00:10:14.726 PIT: mode=2 count=0x10000 (65536) - 18.20 Hz (ch=0)
00:10:14.752 PIIX3 ATA: Ctl#0: RESET, DevSel=0 AIOIf=0 CmdIf0=0xe1 (-1 usec ago) CmdIf1=0x00 (-1 usec ago)
00:10:14.752 PIIX3 ATA: Ctl#0: finished processing RESET
00:10:14.753 Guest Log: BIOS: ata0-0: PCHS=16383/16/63 LCHS=1024/255/63
00:10:14.754 PIT: mode=2 count=0x48d3 (18643) - 64.00 Hz (ch=0)
00:10:14.764 Display::handleDisplayResize(): uScreenId = 0, pvVRAM=ae2bb000 w=640 h=480 bpp=32 cbLine=0xA00
00:10:14.764 Guest Log: Key pressed: 0042
00:10:14.780 Guest Log: Key pressed: 0042
00:10:17.207 PIT: mode=2 count=0x10000 (65536) - 18.20 Hz (ch=0)
00:10:17.207 Guest Log: BIOS: Boot from Floppy 0 failed
00:10:17.208 Guest Log: BIOS: CDROM boot failure code : 0002
00:10:17.208 Guest Log: BIOS: Boot from CD-ROM failed
00:10:17.208 Guest Log: BIOS: Booting from Hard Disk...
00:10:17.214 Display::handleDisplayResize(): uScreenId = 0, pvVRAM=00000000 w=720 h=400 bpp=0 cbLine=0x0
00:10:17.401 Guest Log: BIOS: int13_harddisk: function 15, unmapped device for ELDL=81
00:10:24.765 PIT: mode=2 count=0x2ead (11949) - 99.85 Hz (ch=0)
00:10:24.861 CPUMSetGuestCpuIdFeature: Disabled x2APIC
00:10:24.883 Display::handleDisplayResize(): uScreenId = 0, pvVRAM=ae2bb000 w=640 h=480 bpp=0 cbLine=0x140
00:10:26.269 PIIX3 ATA: LUN#0: IDLE IMMEDIATE, CmdIf=0xef (-1 usec ago)
00:10:26.269 PIIX3 ATA: LUN#0: aborting current command
00:10:27.430 EHCI: Hardware reset
00:10:27.430 EHCI: USB Operational
00:10:27.473 PCNet#0: Init: ss32=1 GCRDRA=0x025a0420[64] GCTDRA=0x025a0020[64]
00:10:28.482 Audio: set_record_source ars=0 als=0 (not implemented)
00:10:28.483 Audio: set_record_source ars=0 als=0 (not implemented)
00:10:28.492 OHCI: Software reset
00:10:28.492 OHCI: USB Reset
00:10:28.492 OHCI: USB Operational
00:10:28.810 PCNet#0: Init: ss32=1 GCRDRA=0x025a0420[64] GCTDRA=0x025a0020[64]
00:10:28.816 PCNet#0: Init: ss32=1 GCRDRA=0x025a0420[64] GCTDRA=0x025a0020[64]
00:10:29.460 Display::handleDisplayResize(): uScreenId = 0, pvVRAM=ae2bb000 w=640 h=480 bpp=32 cbLine=0xA00
00:10:29.547 EHCI: USB Suspended
00:10:29.699 OHCI: USB Suspended
00:10:31.307 PCNet#0: Init: ss32=1 GCRDRA=0x025a0420[64] GCTDRA=0x025a0020[64]
00:52:45.110 PIIX3 ATA: LUN#0: IDLE IMMEDIATE, CmdIf=0xc4 (-1 usec ago)
00:52:45.125 PIIX3 ATA: LUN#0: aborting current command
00:52:45.154 Changing the VM state from 'RUNNING' to 'RESETTING'.
00:52:45.183 CPUMSetGuestCpuIdFeature: Enabled APIC
00:52:45.183 CPUMSetGuestCpuIdFeature: Disabled x2APIC
00:52:45.183 PIT: mode=3 count=0x10000 (65536) - 18.20 Hz (ch=0)
00:52:45.231 PIIX3 ATA: Ctl#0: finished processing RESET
00:52:45.231 PIIX3 ATA: Ctl#1: finished processing RESET
00:52:45.231 Audio: set_record_source ars=0 als=0 (not implemented)
00:52:45.231 Changing the VM state from 'RESETTING' to 'RUNNING'.
00:52:45.235 Guest Log: BIOS: VirtualBox 3.2.6
00:52:45.235 PIT: mode=2 count=0x10000 (65536) - 18.20 Hz (ch=0)
00:52:45.260 PIIX3 ATA: Ctl#0: RESET, DevSel=0 AIOIf=0 CmdIf0=0xc4 (-1 usec ago) CmdIf1=0x00 (-1 usec ago)
00:52:45.260 PIIX3 ATA: Ctl#0: finished processing RESET
00:52:45.261 Guest Log: BIOS: ata0-0: PCHS=16383/16/63 LCHS=1024/255/63
00:52:45.262 PIT: mode=2 count=0x48d3 (18643) - 64.00 Hz (ch=0)
00:52:45.274 Display::handleDisplayResize(): uScreenId = 0, pvVRAM=ae2bb000 w=640 h=480 bpp=32 cbLine=0xA00
00:52:47.725 Display::handleDisplayResize(): uScreenId = 0, pvVRAM=00000000 w=720 h=400 bpp=0 cbLine=0x0
00:52:47.727 PIT: mode=2 count=0x10000 (65536) - 18.20 Hz (ch=0)
00:52:47.728 Guest Log: BIOS: Boot from Floppy 0 failed
00:52:47.728 Guest Log: BIOS: CDROM boot failure code : 0002
00:52:47.728 Guest Log: BIOS: Boot from CD-ROM failed
00:52:47.751 Guest Log: BIOS: Booting from Hard Disk...
00:52:48.132 Guest Log: BIOS: int13_harddisk: function 15, unmapped device for ELDL=81
00:52:59.652 PIT: mode=2 count=0x2ead (11949) - 99.85 Hz (ch=0)
00:52:59.748 CPUMSetGuestCpuIdFeature: Disabled x2APIC
00:52:59.769 Display::handleDisplayResize(): uScreenId = 0, pvVRAM=ae2bb000 w=640 h=480 bpp=0 cbLine=0x140
00:53:01.213 PIIX3 ATA: LUN#0: IDLE IMMEDIATE, CmdIf=0xef (-1 usec ago)
00:53:01.213 PIIX3 ATA: LUN#0: aborting current command
00:53:08.314 EHCI: Hardware reset
00:53:08.314 EHCI: USB Operational
00:53:08.366 PCNet#0: Init: ss32=1 GCRDRA=0x0254e420[64] GCTDRA=0x0254e020[64]
00:53:09.395 Audio: set_record_source ars=0 als=0 (not implemented)
00:53:09.396 Audio: set_record_source ars=0 als=0 (not implemented)
00:53:09.407 OHCI: Software reset
00:53:09.407 OHCI: USB Reset
00:53:09.407 OHCI: USB Operational
00:53:09.558 PCNet#0: Init: ss32=1 GCRDRA=0x0254e420[64] GCTDRA=0x0254e020[64]
00:53:09.564 PCNet#0: Init: ss32=1 GCRDRA=0x0254e420[64] GCTDRA=0x0254e020[64]
00:53:10.370 EHCI: USB Suspended
00:53:10.445 OHCI: USB Suspended
00:53:58.585 Display::handleDisplayResize(): uScreenId = 0, pvVRAM=ae2bb000 w=640 h=480 bpp=32 cbLine=0xA00
00:53:59.609 PCNet#0: Init: ss32=1 GCRDRA=0x0254e420[64] GCTDRA=0x0254e020[64]
00:59:11.339 PIT: mode=2 count=0x4ad (1197) - 996.81 Hz (ch=0)
01:06:24.028 Changing the VM state from 'RUNNING' to 'RUNNING_LS'.
01:06:29.108 SSM: Step 1 completed after pass 11.
01:06:29.108 Changing the VM state from 'RUNNING_LS' to 'SUSPENDING_LS'.
01:07:00.504 SSM: Cancelled pending operation
01:07:01.185 ERROR [COM]: aRC=0x80004005 aIID={856aa038-853f-42e2-acf7-6e7b02dbe294} aComponent={Progress} aText={Result code is not available, operation is still in progress} aWarning=false, aInfo=00000000, preserve=false
01:07:29.622 Changing the VM state from 'SUSPENDING_LS' to 'SUSPENDED_LS'.
01:07:29.653 Changing the VM state from 'SUSPENDED_LS' to 'SAVING'.
01:07:29.653 SSM: Cancelled!
01:07:29.717 SSM: Failed to save the VM state to '/root/.VirtualBox/Machines/Windows2003/Snapshots/{619c17f2-4854-4081-8f01-5639a4ed79df}.sav' (file deleted): VERR_SSM_CANCELLED
01:07:29.790 Changing the VM state from 'SAVING' to 'SUSPENDED'.
01:07:29.791 ERROR [COM]: aRC=NS_ERROR_FAILURE (0x80004005) aIID={6375231a-c17c-464b-92cb-ae9e128d71c3} aComponent={Console} aText={Failed to save the machine state to '/root/.VirtualBox/Machines/Windows2003/Snapshots/{619c17f2-4854-4081-8f01-5639a4ed79df}.sav' (VERR_SSM_CANCELLED)} aWarning=false, preserve=false
01:07:31.016 Changing the VM state from 'SUSPENDED' to 'RESUMING'.
01:07:31.051 Changing the VM state from 'RESUMING' to 'RUNNING'.
01:07:31.053 TM: Giving up catch-up attempt at a 60 611 007 779 ns lag; new total: 60 705 667 014 ns
01:09:57.811 Changing the VM state from 'RUNNING' to 'SUSPENDING'.
01:09:57.885 Changing the VM state from 'SUSPENDING' to 'SUSPENDED'.
01:21:28.402 Changing the VM state from 'SUSPENDED' to 'RESUMING'.
01:21:28.402 Changing the VM state from 'RESUMING' to 'RUNNING'.
